2025-06-08 12:30:04,263 - scrapers - INFO - Buscando SKU e18t en Beauty Creations
2025-06-08 12:30:06,240 - scrapers - INFO - Buscando SKU e18t en Bellisima
2025-06-08 12:31:15,457 - scrapers - INFO - Buscando SKU e18t en Beauty Creations
2025-06-08 12:31:17,256 - scrapers - INFO - Buscando SKU e18t en Bellisima
2025-06-08 13:01:12,847 - scrapers - INFO - Buscando SKU e18t en Beauty Creations
2025-06-08 13:01:14,730 - scrapers - INFO - Buscando SKU e18t en Bellisima
2025-06-08 13:01:16,778 - scrapers - INFO - Producto encontrado: PALETA DE SOMBRAS TEASE ME 18 SOMBRAS - BEAUTY CREATIONS
2025-06-08 13:01:16,778 - scrapers - INFO - URL del producto: https://bellisima.mx/products/tease-me-18-color-eyeshadow-palette-beauty-creations?_pos=1&_sid=2a11149ad&_ss=r
2025-06-08 13:04:27,307 - scrapers - INFO - Buscando SKU e18t en Beauty Creations
2025-06-08 13:04:29,062 - scrapers - INFO - Buscando SKU e18t en Bellisima
2025-06-08 13:04:31,067 - scrapers - INFO - Producto encontrado: PALETA DE SOMBRAS TEASE ME 18 SOMBRAS - BEAUTY CREATIONS
2025-06-08 13:04:31,067 - scrapers - INFO - URL del producto: https://bellisima.mx/products/tease-me-18-color-eyeshadow-palette-beauty-creations?_pos=1&_sid=318aff9e6&_ss=r
2025-06-09 11:21:22,533 - scrapers - INFO - Buscando SKU e18t en Beauty Creations
2025-06-09 11:21:22,869 - scrapers - INFO - Buscando SKU e18t en Beauty Creations
2025-06-09 11:21:24,897 - scrapers - INFO - Buscando SKU e18t en Bellisima
2025-06-09 11:21:24,932 - scrapers - INFO - Buscando SKU e18t en Bellisima
2025-06-09 11:21:29,203 - scrapers - INFO - Buscando producto 'tease me' en Stefano
2025-06-09 11:21:29,222 - scrapers - INFO - Buscando producto 'tease me' en Stefano
2025-06-09 11:21:31,009 - scrapers - INFO - Buscando SKU e18t en Beauty Creations
2025-06-09 11:21:32,083 - scrapers - INFO - Producto 'tease me' no encontrado en Stefano
2025-06-09 11:21:32,083 - scrapers - INFO - Producto 'tease me' no encontrado en Stefano
2025-06-09 11:21:32,083 - scrapers - INFO - Buscando producto 'tease me' en Dubellay
2025-06-09 11:21:32,083 - scrapers - INFO - Buscando producto 'tease me' en Dubellay
2025-06-09 11:21:32,299 - scrapers - INFO - Buscando SKU e18t en Bellisima
2025-06-09 11:21:33,925 - scrapers - INFO - Producto 'tease me' no encontrado en Dubellay
2025-06-09 11:21:33,998 - scrapers - INFO - Producto 'tease me' no encontrado en Dubellay
2025-06-09 11:21:35,064 - scrapers - INFO - Buscando producto 'tease me' en Stefano
2025-06-09 11:21:36,424 - scrapers - INFO - Producto 'tease me' no encontrado en Stefano
2025-06-09 11:21:36,425 - scrapers - INFO - Buscando producto 'tease me' en Dubellay
2025-06-09 11:21:37,770 - scrapers - INFO - Producto 'tease me' no encontrado en Dubellay
